<?xml version="1.0" encoding="UTF-8"?>
<!-- Generated by org.testng.reporters.JUnitReportReporter -->
<testsuite hostname="Almass-Mac-mini.local" failures="0" tests="1" name="org.reddotdigital.singleapp.tests.Test_LoginPage" time="37.708" errors="0" timestamp="2024-09-16T17:21:05 BDT" skipped="0">
  <testcase classname="org.reddotdigital.singleapp.tests.Test_LoginPage" name="LoginTest" time="37.708"/>
  <system-out/>
</testsuite> <!-- org.reddotdigital.singleapp.tests.Test_LoginPage -->
