<?xml version="1.0" encoding="UTF-8"?>
<!-- Generated by org.testng.reporters.JUnitReportReporter -->
<testsuite hostname="Almass-Mac-mini.local" failures="0" tests="1" name="org.reddotdigital.singleapp.ios.tests.Test_IOSLoginPage" time="12.753" errors="0" timestamp="2024-10-18T01:08:55 BDT" skipped="0">
  <testcase classname="org.reddotdigital.singleapp.ios.tests.Test_IOSLoginPage" name="LoginTest" time="12.753"/>
  <system-out/>
</testsuite> <!-- org.reddotdigital.singleapp.ios.tests.Test_IOSLoginPage -->
