<?xml version="1.0" encoding="UTF-8"?>
<!-- Generated by org.testng.reporters.JUnitReportReporter -->
<testsuite hostname="Almass-Mac-mini.local" failures="0" tests="1" name="org.reddotdigital.singleapp.tests.Test_UserProfile" time="30.905" errors="0" timestamp="2024-09-16T16:15:12 BDT" skipped="0">
  <testcase classname="org.reddotdigital.singleapp.tests.Test_UserProfile" name="homeScreenTest" time="30.905"/>
  <system-out/>
</testsuite> <!-- org.reddotdigital.singleapp.tests.Test_UserProfile -->
