<?xml version="1.0" encoding="UTF-8"?>
<!-- Generated by org.testng.reporters.JUnitReportReporter -->
<testsuite hostname="Almass-Mac-mini.local" failures="0" tests="1" name="org.reddotdigital.singleapp.ios.tests.Test_IOSLoginPage" time="10.431" errors="0" timestamp="2024-09-23T22:27:35 BDT" skipped="0">
  <testcase classname="org.reddotdigital.singleapp.ios.tests.Test_IOSLoginPage" name="LoginTest" time="10.431"/>
  <system-out/>
</testsuite> <!-- org.reddotdigital.singleapp.ios.tests.Test_IOSLoginPage -->
