<?xml version="1.0" encoding="UTF-8"?>
<!-- Generated by org.testng.reporters.JUnitReportReporter -->
<testsuite hostname="Almass-Mac-mini.local" failures="0" tests="2" name="org.reddotdigital.singleapp.android.tests.Test_LoginPage" time="20.049" errors="1" timestamp="2024-10-17T23:55:30 BDT" skipped="1">
  <testcase classname="org.reddotdigital.singleapp.android.tests.Test_LoginPage" name="LoginTest" time="0.000">
    <skipped/>
  </testcase> <!-- LoginTest -->
  <testcase classname="org.reddotdigital.singleapp.android.tests.Test_LoginPage" name="ConfigureAppium" time="20.049">
    <error message="Appium HTTP server is not listening at http://0.0.0.0:4723/ after 20000 ms timeout. Consider increasing the server startup timeout value and check the server log for possible error messages occurrences.
Node.js executable path: /usr/local/bin/node
Arguments: [/Users/almashossain/node_modules/appium/build/lib/main.js, --port, 4723, --address, 0.0.0.0]
Server log: dbug Appium Parsed manifest file at /Users/almashossain/.appium/node_modules/.cache/appium/extensions.yaml: {
dbug Appium   &quot;drivers&quot;: {},
dbug Appium   &quot;plugins&quot;: {},
dbug Appium   &quot;schemaRev&quot;: 4
dbug Appium }
dbug Appium Creating hash file directory: /Users/almashossain/.appium/node_modules/.cache/appium
dbug Appium Updated hash of /Users/almashossain/.appium/package.json from: (none) to: fab68aa9ec282824061bd739d641c2f0
dbug Appium Discovering newly installed extensions...
info Appium Welcome to Appium v2.5.0
dbug Appium The autodetected Appium home path: /Users/almashossain/.appium
[38;5;0m[HTTP][0m Could not start REST http interface listener. The requested port may already be in use. Please make sure there is no other instance of this server running already.
ERR! Appium Could not configure Appium server. It&#039;s possible that a driver or plugin tried to update the server and failed. Original error: listen EADDRINUSE: address already in use 0.0.0.0:4723
dbug Appium Error: listen EADDRINUSE: address already in use 0.0.0.0:4723
dbug Appium     at Server.setupListenHandle [as _listen2] (node:net:1872:16)
dbug Appium     at listenInCluster (node:net:1920:12)
dbug Appium     at doListen (node:net:2075:7)
dbug Appium     at processTicksAndRejections (node:internal/process/task_queues:83:21)
" type="io.appium.java_client.service.local.AppiumServerHasNotBeenStartedLocallyException">
      <![CDATA[io.appium.java_client.service.local.AppiumServerHasNotBeenStartedLocallyException: Appium HTTP server is not listening at http://0.0.0.0:4723/ after 20000 ms timeout. Consider increasing the server startup timeout value and check the server log for possible error messages occurrences.
Node.js executable path: /usr/local/bin/node
Arguments: [/Users/almashossain/node_modules/appium/build/lib/main.js, --port, 4723, --address, 0.0.0.0]
Server log: dbug Appium Parsed manifest file at /Users/almashossain/.appium/node_modules/.cache/appium/extensions.yaml: {
dbug Appium   "drivers": {},
dbug Appium   "plugins": {},
dbug Appium   "schemaRev": 4
dbug Appium }
dbug Appium Creating hash file directory: /Users/almashossain/.appium/node_modules/.cache/appium
dbug Appium Updated hash of /Users/almashossain/.appium/package.json from: (none) to: fab68aa9ec282824061bd739d641c2f0
dbug Appium Discovering newly installed extensions...
info Appium Welcome to Appium v2.5.0
dbug Appium The autodetected Appium home path: /Users/almashossain/.appium
[38;5;0m[HTTP][0m Could not start REST http interface listener. The requested port may already be in use. Please make sure there is no other instance of this server running already.
ERR! Appium Could not configure Appium server. It's possible that a driver or plugin tried to update the server and failed. Original error: listen EADDRINUSE: address already in use 0.0.0.0:4723
dbug Appium Error: listen EADDRINUSE: address already in use 0.0.0.0:4723
dbug Appium     at Server.setupListenHandle [as _listen2] (node:net:1872:16)
dbug Appium     at listenInCluster (node:net:1920:12)
dbug Appium     at doListen (node:net:2075:7)
dbug Appium     at processTicksAndRejections (node:internal/process/task_queues:83:21)

at io.appium.java_client.service.local.AppiumDriverLocalService.start(AppiumDriverLocalService.java:192)
at org.reddotdigital.singleapp.utils.AppiumUtils.startAppiumServer(AppiumUtils.java:69)
at org.reddotdigital.singleapp.testUtils.AndroidBaseTest.ConfigureAppium(AndroidBaseTest.java:34)
at java.base/jdk.internal.reflect.NativeMethodAccessorImpl.invoke0(Native Method)
at java.base/jdk.internal.reflect.NativeMethodAccessorImpl.invoke(NativeMethodAccessorImpl.java:77)
at java.base/jdk.internal.reflect.DelegatingMethodAccessorImpl.invoke(DelegatingMethodAccessorImpl.java:43)
at java.base/java.lang.reflect.Method.invoke(Method.java:568)
at org.testng.internal.invokers.MethodInvocationHelper.invokeMethod(MethodInvocationHelper.java:141)
at org.testng.internal.invokers.MethodInvocationHelper.invokeMethodConsideringTimeout(MethodInvocationHelper.java:71)
at org.testng.internal.invokers.ConfigInvoker.invokeConfigurationMethod(ConfigInvoker.java:400)
at org.testng.internal.invokers.ConfigInvoker.invokeConfigurations(ConfigInvoker.java:333)
at org.testng.internal.invokers.TestInvoker.runConfigMethods(TestInvoker.java:833)
at org.testng.internal.invokers.TestInvoker.invokeMethod(TestInvoker.java:600)
at org.testng.internal.invokers.TestInvoker.invokeTestMethod(TestInvoker.java:230)
at org.testng.internal.invokers.MethodRunner.runInSequence(MethodRunner.java:63)
at org.testng.internal.invokers.TestInvoker$MethodInvocationAgent.invoke(TestInvoker.java:992)
at org.testng.internal.invokers.TestInvoker.invokeTestMethods(TestInvoker.java:203)
at org.testng.internal.invokers.TestMethodWorker.invokeTestMethods(TestMethodWorker.java:154)
at org.testng.internal.invokers.TestMethodWorker.run(TestMethodWorker.java:134)
at java.base/java.util.ArrayList.forEach(ArrayList.java:1511)
at org.testng.TestRunner.privateRun(TestRunner.java:739)
at org.testng.TestRunner.run(TestRunner.java:614)
at org.testng.SuiteRunner.runTest(SuiteRunner.java:421)
at org.testng.SuiteRunner.runSequentially(SuiteRunner.java:413)
at org.testng.SuiteRunner.privateRun(SuiteRunner.java:373)
at org.testng.SuiteRunner.run(SuiteRunner.java:312)
at org.testng.SuiteRunnerWorker.runSuite(SuiteRunnerWorker.java:52)
at org.testng.SuiteRunnerWorker.run(SuiteRunnerWorker.java:95)
at org.testng.TestNG.runSuitesSequentially(TestNG.java:1274)
at org.testng.TestNG.runSuitesLocally(TestNG.java:1208)
at org.testng.TestNG.runSuites(TestNG.java:1112)
at org.testng.TestNG.run(TestNG.java:1079)
at org.testng.remote.AbstractRemoteTestNG.run(AbstractRemoteTestNG.java:115)
at org.testng.remote.RemoteTestNG.initAndRun(RemoteTestNG.java:293)
at org.testng.remote.RemoteTestNG.main(RemoteTestNG.java:91)
Caused by: io.appium.java_client.service.local.AppiumServerAvailabilityChecker$ConnectionTimeout: ConnectionTimeout
at io.appium.java_client.service.local.AppiumServerAvailabilityChecker.waitUntilAvailable(AppiumServerAvailabilityChecker.java:72)
at io.appium.java_client.service.local.AppiumDriverLocalService.ping(AppiumDriverLocalService.java:144)
at io.appium.java_client.service.local.AppiumDriverLocalService.start(AppiumDriverLocalService.java:185)
... 34 more
Caused by: java.net.ConnectException: Connection refused
at java.base/sun.nio.ch.Net.pollConnect(Native Method)
at java.base/sun.nio.ch.Net.pollConnectNow(Net.java:672)
at java.base/sun.nio.ch.NioSocketImpl.timedFinishConnect(NioSocketImpl.java:547)
at java.base/sun.nio.ch.NioSocketImpl.connect(NioSocketImpl.java:602)
at java.base/java.net.Socket.connect(Socket.java:633)
at java.base/sun.net.NetworkClient.doConnect(NetworkClient.java:178)
at java.base/sun.net.www.http.HttpClient.openServer(HttpClient.java:534)
at java.base/sun.net.www.http.HttpClient.openServer(HttpClient.java:639)
at java.base/sun.net.www.http.HttpClient.<init>(HttpClient.java:282)
at java.base/sun.net.www.http.HttpClient.New(HttpClient.java:387)
at java.base/sun.net.www.http.HttpClient.New(HttpClient.java:409)
at java.base/sun.net.www.protocol.http.HttpURLConnection.getNewHttpClient(HttpURLConnection.java:1309)
at java.base/sun.net.www.protocol.http.HttpURLConnection.plainConnect0(HttpURLConnection.java:1242)
at java.base/sun.net.www.protocol.http.HttpURLConnection.plainConnect(HttpURLConnection.java:1128)
at java.base/sun.net.www.protocol.http.HttpURLConnection.connect(HttpURLConnection.java:1057)
at io.appium.java_client.service.local.AppiumServerAvailabilityChecker.connectToUrl(AppiumServerAvailabilityChecker.java:79)
at io.appium.java_client.service.local.AppiumServerAvailabilityChecker.waitUntilAvailable(AppiumServerAvailabilityChecker.java:61)
... 36 more
]]>
    </error>
  </testcase> <!-- ConfigureAppium -->
</testsuite> <!-- org.reddotdigital.singleapp.android.tests.Test_LoginPage -->
